{"C:\\Users\\saulm\\OneDrive\\Documentos\\Personal\\TEAMKNOWLOGY\\servermutations\\shared\\utils\\dnaUtils.js": {"path":"C:\\Users\\saulm\\OneDrive\\Documentos\\Personal\\TEAMKNOWLOGY\\servermutations\\shared\\utils\\dnaUtils.js","statementMap":{"0":{"start":{"line":4,"column":0},"end":{"line":24,"column":2}},"1":{"start":{"line":6,"column":4},"end":{"line":22,"column":5}},"2":{"start":{"line":7,"column":37},"end":{"line":7,"column":53}},"3":{"start":{"line":8,"column":25},"end":{"line":8,"column":26}},"4":{"start":{"line":9,"column":8},"end":{"line":9,"column":73}},"5":{"start":{"line":11,"column":8},"end":{"line":17,"column":9}},"6":{"start":{"line":12,"column":12},"end":{"line":12,"column":42}},"7":{"start":{"line":13,"column":12},"end":{"line":13,"column":24}},"8":{"start":{"line":15,"column":12},"end":{"line":15,"column":43}},"9":{"start":{"line":16,"column":12},"end":{"line":16,"column":25}},"10":{"start":{"line":21,"column":8},"end":{"line":21,"column":21}},"11":{"start":{"line":33,"column":14},"end":{"line":33,"column":38}},"12":{"start":{"line":34,"column":12},"end":{"line":34,"column":13}},"13":{"start":{"line":36,"column":4},"end":{"line":41,"column":5}},"14":{"start":{"line":37,"column":8},"end":{"line":40,"column":9}},"15":{"start":{"line":38,"column":12},"end":{"line":38,"column":36}},"16":{"start":{"line":39,"column":12},"end":{"line":39,"column":24}},"17":{"start":{"line":43,"column":4},"end":{"line":43,"column":17}}},"fnMap":{"0":{"name":"(anonymous_0)","decl":{"start":{"line":4,"column":17},"end":{"line":4,"column":18}},"loc":{"start":{"line":4,"column":48},"end":{"line":24,"column":1}},"line":4},"1":{"name":"matchInArray","decl":{"start":{"line":31,"column":9},"end":{"line":31,"column":21}},"loc":{"start":{"line":31,"column":55},"end":{"line":45,"column":1}},"line":31}},"branchMap":{"0":{"loc":{"start":{"line":6,"column":4},"end":{"line":22,"column":5}},"type":"if","locations":[{"start":{"line":6,"column":4},"end":{"line":22,"column":5}},{"start":{"line":6,"column":4},"end":{"line":22,"column":5}}],"line":6},"1":{"loc":{"start":{"line":6,"column":8},"end":{"line":6,"column":39}},"type":"binary-expr","locations":[{"start":{"line":6,"column":8},"end":{"line":6,"column":16}},{"start":{"line":6,"column":20},"end":{"line":6,"column":39}}],"line":6},"2":{"loc":{"start":{"line":11,"column":8},"end":{"line":17,"column":9}},"type":"if","locations":[{"start":{"line":11,"column":8},"end":{"line":17,"column":9}},{"start":{"line":11,"column":8},"end":{"line":17,"column":9}}],"line":11},"3":{"loc":{"start":{"line":37,"column":8},"end":{"line":40,"column":9}},"type":"if","locations":[{"start":{"line":37,"column":8},"end":{"line":40,"column":9}},{"start":{"line":37,"column":8},"end":{"line":40,"column":9}}],"line":37}},"s":{"0":1,"1":3,"2":2,"3":2,"4":2,"5":2,"6":1,"7":1,"8":1,"9":1,"10":1,"11":2,"12":2,"13":2,"14":19,"15":1,"16":1,"17":1},"f":{"0":3,"1":2},"b":{"0":[2,1],"1":[3,3],"2":[1,1],"3":[1,18]},"_coverageSchema":"43e27e138ebf9cfc5966b082cf9a028302ed4184","hash":"2db4393b0653e9bbbdd6f590d438a31b8946069c"}
,"C:\\Users\\saulm\\OneDrive\\Documentos\\Personal\\TEAMKNOWLOGY\\servermutations\\shared\\utils\\index.js": {"path":"C:\\Users\\saulm\\OneDrive\\Documentos\\Personal\\TEAMKNOWLOGY\\servermutations\\shared\\utils\\index.js","statementMap":{"0":{"start":{"line":4,"column":0},"end":{"line":42,"column":2}},"1":{"start":{"line":5,"column":21},"end":{"line":5,"column":22}},"2":{"start":{"line":6,"column":31},"end":{"line":6,"column":33}},"3":{"start":{"line":8,"column":4},"end":{"line":38,"column":5}},"4":{"start":{"line":10,"column":8},"end":{"line":10,"column":48}},"5":{"start":{"line":13,"column":8},"end":{"line":13,"column":52}},"6":{"start":{"line":15,"column":8},"end":{"line":20,"column":9}},"7":{"start":{"line":17,"column":34},"end":{"line":17,"column":116}},"8":{"start":{"line":17,"column":77},"end":{"line":17,"column":111}},"9":{"start":{"line":19,"column":12},"end":{"line":19,"column":53}},"10":{"start":{"line":22,"column":27},"end":{"line":24,"column":16}},"11":{"start":{"line":23,"column":12},"end":{"line":23,"column":56}},"12":{"start":{"line":27,"column":8},"end":{"line":27,"column":46}},"13":{"start":{"line":29,"column":34},"end":{"line":31,"column":16}},"14":{"start":{"line":30,"column":12},"end":{"line":30,"column":56}},"15":{"start":{"line":33,"column":8},"end":{"line":33,"column":53}},"16":{"start":{"line":36,"column":8},"end":{"line":36,"column":36}},"17":{"start":{"line":40,"column":4},"end":{"line":40,"column":32}}},"fnMap":{"0":{"name":"(anonymous_0)","decl":{"start":{"line":4,"column":17},"end":{"line":4,"column":18}},"loc":{"start":{"line":4,"column":36},"end":{"line":42,"column":1}},"line":4},"1":{"name":"(anonymous_1)","decl":{"start":{"line":17,"column":50},"end":{"line":17,"column":51}},"loc":{"start":{"line":17,"column":77},"end":{"line":17,"column":111}},"line":17},"2":{"name":"(anonymous_2)","decl":{"start":{"line":22,"column":43},"end":{"line":22,"column":44}},"loc":{"start":{"line":22,"column":96},"end":{"line":24,"column":11}},"line":22},"3":{"name":"(anonymous_3)","decl":{"start":{"line":29,"column":60},"end":{"line":29,"column":61}},"loc":{"start":{"line":29,"column":113},"end":{"line":31,"column":11}},"line":29}},"branchMap":{"0":{"loc":{"start":{"line":8,"column":4},"end":{"line":38,"column":5}},"type":"if","locations":[{"start":{"line":8,"column":4},"end":{"line":38,"column":5}},{"start":{"line":8,"column":4},"end":{"line":38,"column":5}}],"line":8},"1":{"loc":{"start":{"line":8,"column":8},"end":{"line":8,"column":39}},"type":"binary-expr","locations":[{"start":{"line":8,"column":8},"end":{"line":8,"column":16}},{"start":{"line":8,"column":20},"end":{"line":8,"column":39}}],"line":8}},"s":{"0":1,"1":3,"2":3,"3":3,"4":2,"5":2,"6":2,"7":12,"8":72,"9":12,"10":2,"11":12,"12":2,"13":2,"14":12,"15":2,"16":2,"17":1},"f":{"0":3,"1":72,"2":12,"3":12},"b":{"0":[2,1],"1":[3,3]},"_coverageSchema":"43e27e138ebf9cfc5966b082cf9a028302ed4184","hash":"fffd42a90397acc03f42b33ce0160a02934d6682"}
}
