TN:
SF:C:\Users\saulm\OneDrive\Documentos\Personal\TEAMKNOWLOGY\servermutations\shared\utils\dnaUtils.js
FN:4,(anonymous_0)
FN:31,matchInArray
FNF:2
FNH:2
FNDA:3,(anonymous_0)
FNDA:2,matchInArray
DA:4,1
DA:6,3
DA:7,2
DA:8,2
DA:9,2
DA:11,2
DA:12,1
DA:13,1
DA:15,1
DA:16,1
DA:21,1
DA:33,2
DA:34,2
DA:36,2
DA:37,19
DA:38,1
DA:39,1
DA:43,1
LF:18
LH:18
BRDA:6,0,0,2
BRDA:6,0,1,1
BRDA:6,1,0,3
BRDA:6,1,1,3
BRDA:11,2,0,1
BRDA:11,2,1,1
BRDA:37,3,0,1
BRDA:37,3,1,18
BRF:8
BRH:8
end_of_record
TN:
SF:C:\Users\saulm\OneDrive\Documentos\Personal\TEAMKNOWLOGY\servermutations\shared\utils\index.js
FN:4,(anonymous_0)
FN:17,(anonymous_1)
FN:22,(anonymous_2)
FN:29,(anonymous_3)
FNF:4
FNH:4
FNDA:3,(anonymous_0)
FNDA:72,(anonymous_1)
FNDA:12,(anonymous_2)
FNDA:12,(anonymous_3)
DA:4,1
DA:5,3
DA:6,3
DA:8,3
DA:10,2
DA:13,2
DA:15,2
DA:17,72
DA:19,12
DA:22,2
DA:23,12
DA:27,2
DA:29,2
DA:30,12
DA:33,2
DA:36,2
DA:40,1
LF:17
LH:17
BRDA:8,0,0,2
BRDA:8,0,1,1
BRDA:8,1,0,3
BRDA:8,1,1,3
BRF:4
BRH:4
end_of_record
